=== NUEVA SESIÓN 2026-06-28 22:03:59 ===
Conectando a VID: 0x20A0, PID: 0x423D
[22:03:59.897] 📤 ENVIADO: Cmd=0x05 (SET_MODE)
               Payload: 07
               Reporte: 00-05-07-00-00-00-00-00...
[22:03:59.903] 📤 ENVIADO: Cmd=0x07 (SET_BRIGHTNESS)
               Payload: 64
               Reporte: 00-07-64-00-00-00-00-00...
[22:03:59.909] 📤 ENVIADO: Cmd=0x03 (SET_COLOR)
               Payload: FF-00-00
               Reporte: 00-03-FF-00-00-00-00-00...
[22:04:23.582] 📤 ENVIADO: Cmd=0x07 (SET_BRIGHTNESS)
               Payload: 5F
               Reporte: 00-07-5F-00-00-00-00-00...
[22:04:26.136] 📤 ENVIADO: Cmd=0x07 (SET_BRIGHTNESS)
               Payload: 5A
               Reporte: 00-07-5A-00-00-00-00-00...
[22:04:26.174] 📤 ENVIADO: Cmd=0x07 (SET_BRIGHTNESS)
               Payload: 55
               Reporte: 00-07-55-00-00-00-00-00...
[22:04:26.201] 📤 ENVIADO: Cmd=0x07 (SET_BRIGHTNESS)
               Payload: 50
               Reporte: 00-07-50-00-00-00-00-00...
[22:04:26.227] 📤 ENVIADO: Cmd=0x07 (SET_BRIGHTNESS)
               Payload: 4B
               Reporte: 00-07-4B-00-00-00-00-00...
[22:04:26.267] 📤 ENVIADO: Cmd=0x07 (SET_BRIGHTNESS)
               Payload: 46
               Reporte: 00-07-46-00-00-00-00-00...
[22:04:26.301] 📤 ENVIADO: Cmd=0x07 (SET_BRIGHTNESS)
               Payload: 41
               Reporte: 00-07-41-00-00-00-00-00...
[22:04:26.326] 📤 ENVIADO: Cmd=0x07 (SET_BRIGHTNESS)
               Payload: 3C
               Reporte: 00-07-3C-00-00-00-00-00...
[22:04:26.372] 📤 ENVIADO: Cmd=0x07 (SET_BRIGHTNESS)
               Payload: 37
               Reporte: 00-07-37-00-00-00-00-00...
[22:04:26.443] 📤 ENVIADO: Cmd=0x07 (SET_BRIGHTNESS)
               Payload: 32
               Reporte: 00-07-32-00-00-00-00-00...
[22:04:26.470] 📤 ENVIADO: Cmd=0x07 (SET_BRIGHTNESS)
               Payload: 2D
               Reporte: 00-07-2D-00-00-00-00-00...
[22:04:26.497] 📤 ENVIADO: Cmd=0x07 (SET_BRIGHTNESS)
               Payload: 28
               Reporte: 00-07-28-00-00-00-00-00...
[22:04:26.576] 📤 ENVIADO: Cmd=0x07 (SET_BRIGHTNESS)
               Payload: 23
               Reporte: 00-07-23-00-00-00-00-00...
[22:04:26.830] 📤 ENVIADO: Cmd=0x07 (SET_BRIGHTNESS)
               Payload: 1E
               Reporte: 00-07-1E-00-00-00-00-00...
[22:04:26.913] 📤 ENVIADO: Cmd=0x07 (SET_BRIGHTNESS)
               Payload: 19
               Reporte: 00-07-19-00-00-00-00-00...
[22:04:28.791] 📤 ENVIADO: Cmd=0x07 (SET_BRIGHTNESS)
               Payload: 14
               Reporte: 00-07-14-00-00-00-00-00...
[22:04:42.198] 📤 ENVIADO: Cmd=0x05 (SET_MODE)
               Payload: 02
               Reporte: 00-05-02-00-00-00-00-00...
[22:05:05.497] 📤 ENVIADO: Cmd=0x05 (SET_MODE)
               Payload: 06
               Reporte: 00-05-06-00-00-00-00-00...
[22:05:19.620] 📤 ENVIADO: Cmd=0x05 (SET_MODE)
               Payload: 03
               Reporte: 00-05-03-00-00-00-00-00...
[22:06:51.377] 📤 ENVIADO: Cmd=0x05 (SET_MODE)
               Payload: 01
               Reporte: 00-05-01-00-00-00-00-00...
[22:06:51.379] 📤 ENVIADO: Cmd=0x03 (SET_COLOR)
               Payload: B8-04-C7
               Reporte: 00-03-B8-04-C7-00-00-00...
[22:06:59.360] 📤 ENVIADO: Cmd=0x05 (SET_MODE)
               Payload: 04
               Reporte: 00-05-04-00-00-00-00-00...
=== SESIÓN FINALIZADA 22:08:07 ===

